<?xml version="1.0" encoding="UTF-8"?>
<!-- Generated by org.testng.reporters.JUnitXMLReporter -->
<testsuite ignored="0" hostname="Ростислав-ПК" failures="0" tests="2" name="Command line test" time="70.49" errors="0" timestamp="2020-07-10T00:17:40 GMT+03:00">
  <testcase classname="company.name.positive.AuthenticationClientTest" name="authenticationClient" time="39.449"/>
  <testcase classname="company.name.positive.FirstPageTest" name="checkFirstPageTest" time="30.458"/>
</testsuite> <!-- Command line test -->
